# JRE version: Java(TM) SE Runtime Environment (8.0_121-b13) (build 1.8.0_121-b13)
# Java VM: Java HotSpot(TM) 64-Bit Server VM (25.121-b13 mixed mode windows-amd64 compressed oops)
Heap:
 PSYoungGen      total 66560K, used 11940K [0x00000000eb300000, 0x00000000efb00000, 0x0000000100000000)
  eden space 60416K, 19% used [0x00000000eb300000,0x00000000ebea9230,0x00000000eee00000)
  from space 6144K, 0% used [0x00000000eee00000,0x00000000eee00000,0x00000000ef400000)
  to   space 6144K, 0% used [0x00000000ef400000,0x00000000ef400000,0x00000000efa00000)
 ParOldGen       total 59392K, used 20027K [0x00000000c1800000, 0x00000000c5200000, 0x00000000eb300000)
  object space 59392K, 33% used [0x00000000c1800000,0x00000000c2b8ed50,0x00000000c5200000)
 Metaspace       used 34815K, capacity 35386K, committed 35712K, reserved 1079296K
  class space    used 4759K, capacity 4960K, committed 4992K, reserved 1048576K
GC Heap History (10 events):
Event: 17.905 GC heap before
{Heap before GC invocations=11 (full 1):
 PSYoungGen      total 39424K, used 36279K [0x00000000eb300000, 0x00000000eed00000, 0x0000000100000000)
  eden space 32768K, 100% used [0x00000000eb300000,0x00000000ed300000,0x00000000ed300000)
  from space 6656K, 52% used [0x00000000ed300000,0x00000000ed66ddf8,0x00000000ed980000)
  to   space 6656K, 0% used [0x00000000ee680000,0x00000000ee680000,0x00000000eed00000)
 ParOldGen       total 35328K, used 10521K [0x00000000c1800000, 0x00000000c3a80000, 0x00000000eb300000)
  object space 35328K, 29% used [0x00000000c1800000,0x00000000c2246658,0x00000000c3a80000)
 Metaspace       used 26680K, capacity 27088K, committed 27520K, reserved 1073152K
  class space    used 3722K, capacity 3886K, committed 3968K, reserved 1048576K
Event: 17.910 GC heap after
Heap after GC invocations=11 (full 1):
 PSYoungGen      total 49664K, used 4211K [0x00000000eb300000, 0x00000000eeb00000, 0x0000000100000000)
  eden space 45056K, 0% used [0x00000000eb300000,0x00000000eb300000,0x00000000edf00000)
  from space 4608K, 91% used [0x00000000ee680000,0x00000000eea9cd68,0x00000000eeb00000)
  to   space 6144K, 0% used [0x00000000edf00000,0x00000000edf00000,0x00000000ee500000)
 ParOldGen       total 35328K, used 10529K [0x00000000c1800000, 0x00000000c3a80000, 0x00000000eb300000)
  object space 35328K, 29% used [0x00000000c1800000,0x00000000c2248658,0x00000000c3a80000)
 Metaspace       used 26680K, capacity 27088K, committed 27520K, reserved 1073152K
  class space    used 3722K, capacity 3886K, committed 3968K, reserved 1048576K
}
Event: 22.960 GC heap before
{Heap before GC invocations=12 (full 1):
 PSYoungGen      total 49664K, used 49267K [0x00000000eb300000, 0x00000000eeb00000, 0x0000000100000000)
  eden space 45056K, 100% used [0x00000000eb300000,0x00000000edf00000,0x00000000edf00000)
  from space 4608K, 91% used [0x00000000ee680000,0x00000000eea9cd68,0x00000000eeb00000)
  to   space 6144K, 0% used [0x00000000edf00000,0x00000000edf00000,0x00000000ee500000)
 ParOldGen       total 35328K, used 10529K [0x00000000c1800000, 0x00000000c3a80000, 0x00000000eb300000)
  object space 35328K, 29% used [0x00000000c1800000,0x00000000c2248658,0x00000000c3a80000)
 Metaspace       used 28916K, capacity 29418K, committed 29824K, reserved 1075200K
  class space    used 3982K, capacity 4170K, committed 4224K, reserved 1048576K
Event: 22.974 GC heap after
Heap after GC invocations=12 (full 1):
 PSYoungGen      total 51200K, used 4020K [0x00000000eb300000, 0x00000000efa00000, 0x0000000100000000)
  eden space 45056K, 0% used [0x00000000eb300000,0x00000000eb300000,0x00000000edf00000)
  from space 6144K, 65% used [0x00000000edf00000,0x00000000ee2ed390,0x00000000ee500000)
  to   space 6144K, 0% used [0x00000000ef400000,0x00000000ef400000,0x00000000efa00000)
 ParOldGen       total 35328K, used 12474K [0x00000000c1800000, 0x00000000c3a80000, 0x00000000eb300000)
  object space 35328K, 35% used [0x00000000c1800000,0x00000000c242ea88,0x00000000c3a80000)
 Metaspace       used 28916K, capacity 29418K, committed 29824K, reserved 1075200K
  class space    used 3982K, capacity 4170K, committed 4224K, reserved 1048576K
}
Event: 23.811 GC heap before
{Heap before GC invocations=13 (full 1):
 PSYoungGen      total 51200K, used 49076K [0x00000000eb300000, 0x00000000efa00000, 0x0000000100000000)
  eden space 45056K, 100% used [0x00000000eb300000,0x00000000edf00000,0x00000000edf00000)
  from space 6144K, 65% used [0x00000000edf00000,0x00000000ee2ed390,0x00000000ee500000)
  to   space 6144K, 0% used [0x00000000ef400000,0x00000000ef400000,0x00000000efa00000)
 ParOldGen       total 35328K, used 12474K [0x00000000c1800000, 0x00000000c3a80000, 0x00000000eb300000)
  object space 35328K, 35% used [0x00000000c1800000,0x00000000c242ea88,0x00000000c3a80000)
 Metaspace       used 31521K, capacity 32032K, committed 32512K, reserved 1077248K
  class space    used 4316K, capacity 4509K, committed 4608K, reserved 1048576K
Event: 23.821 GC heap after
Heap after GC invocations=13 (full 1):
 PSYoungGen      total 66560K, used 3598K [0x00000000eb300000, 0x00000000efb00000, 0x0000000100000000)
  eden space 60416K, 0% used [0x00000000eb300000,0x00000000eb300000,0x00000000eee00000)
  from space 6144K, 58% used [0x00000000ef400000,0x00000000ef783ba0,0x00000000efa00000)
  to   space 6144K, 0% used [0x00000000eee00000,0x00000000eee00000,0x00000000ef400000)
 ParOldGen       total 35328K, used 14762K [0x00000000c1800000, 0x00000000c3a80000, 0x00000000eb300000)
  object space 35328K, 41% used [0x00000000c1800000,0x00000000c266a8b8,0x00000000c3a80000)
 Metaspace       used 31521K, capacity 32032K, committed 32512K, reserved 1077248K
  class space    used 4316K, capacity 4509K, committed 4608K, reserved 1048576K
}
Event: 25.317 GC heap before
{Heap before GC invocations=14 (full 1):
 PSYoungGen      total 66560K, used 52547K [0x00000000eb300000, 0x00000000efb00000, 0x0000000100000000)
  eden space 60416K, 81% used [0x00000000eb300000,0x00000000ee2cd0e0,0x00000000eee00000)
  from space 6144K, 58% used [0x00000000ef400000,0x00000000ef783ba0,0x00000000efa00000)
  to   space 6144K, 0% used [0x00000000eee00000,0x00000000eee00000,0x00000000ef400000)
 ParOldGen       total 35328K, used 14762K [0x00000000c1800000, 0x00000000c3a80000, 0x00000000eb300000)
  object space 35328K, 41% used [0x00000000c1800000,0x00000000c266a8b8,0x00000000c3a80000)
 Metaspace       used 34549K, capacity 35156K, committed 35456K, reserved 1079296K
  class space    used 4715K, capacity 4926K, committed 4992K, reserved 1048576K
Event: 25.338 GC heap after
Heap after GC invocations=14 (full 1):
 PSYoungGen      total 66560K, used 6138K [0x00000000eb300000, 0x00000000efb00000, 0x0000000100000000)
  eden space 60416K, 0% used [0x00000000eb300000,0x00000000eb300000,0x00000000eee00000)
  from space 6144K, 99% used [0x00000000eee00000,0x00000000ef3fe898,0x00000000ef400000)
  to   space 6144K, 0% used [0x00000000ef400000,0x00000000ef400000,0x00000000efa00000)
 ParOldGen       total 35328K, used 17319K [0x00000000c1800000, 0x00000000c3a80000, 0x00000000eb300000)
  object space 35328K, 49% used [0x00000000c1800000,0x00000000c28e9f00,0x00000000c3a80000)
 Metaspace       used 34549K, capacity 35156K, committed 35456K, reserved 1079296K
  class space    used 4715K, capacity 4926K, committed 4992K, reserved 1048576K
}
Event: 25.338 GC heap before
{Heap before GC invocations=15 (full 2):
 PSYoungGen      total 66560K, used 6138K [0x00000000eb300000, 0x00000000efb00000, 0x0000000100000000)
  eden space 60416K, 0% used [0x00000000eb300000,0x00000000eb300000,0x00000000eee00000)
  from space 6144K, 99% used [0x00000000eee00000,0x00000000ef3fe898,0x00000000ef400000)
  to   space 6144K, 0% used [0x00000000ef400000,0x00000000ef400000,0x00000000efa00000)
 ParOldGen       total 35328K, used 17319K [0x00000000c1800000, 0x00000000c3a80000, 0x00000000eb300000)
  object space 35328K, 49% used [0x00000000c1800000,0x00000000c28e9f00,0x00000000c3a80000)
 Metaspace       used 34549K, capacity 35156K, committed 35456K, reserved 1079296K
  class space    used 4715K, capacity 4926K, committed 4992K, reserved 1048576K
Event: 25.638 GC heap after
Heap after GC invocations=15 (full 2):
 PSYoungGen      total 66560K, used 0K [0x00000000eb300000, 0x00000000efb00000, 0x0000000100000000)
  eden space 60416K, 0% used [0x00000000eb300000,0x00000000eb300000,0x00000000eee00000)
  from space 6144K, 0% used [0x00000000eee00000,0x00000000eee00000,0x00000000ef400000)
  to   space 6144K, 0% used [0x00000000ef400000,0x00000000ef400000,0x00000000efa00000)
 ParOldGen       total 59392K, used 20027K [0x00000000c1800000, 0x00000000c5200000, 0x00000000eb300000)
  object space 59392K, 33% used [0x00000000c1800000,0x00000000c2b8ed50,0x00000000c5200000)
 Metaspace       used 34549K, capacity 35156K, committed 35456K, reserved 1079296K
  class space    used 4715K, capacity 4926K, committed 4992K, reserved 1048576K
}

