# JRE version: Java(TM) SE Runtime Environment (8.0_121-b13) (build 1.8.0_121-b13)
# Java VM: Java HotSpot(TM) 64-Bit Server VM (25.121-b13 mixed mode windows-amd64 compressed oops)
Heap:
 PSYoungGen      total 48128K, used 5615K [0x00000000eb300000, 0x00000000ee980000, 0x0000000100000000)
  eden space 40448K, 9% used [0x00000000eb300000,0x00000000eb6f05a8,0x00000000eda80000)
  from space 7680K, 20% used [0x00000000ee200000,0x00000000ee38b860,0x00000000ee980000)
  to   space 7680K, 0% used [0x00000000eda80000,0x00000000eda80000,0x00000000ee200000)
 ParOldGen       total 34816K, used 17676K [0x00000000c1800000, 0x00000000c3a00000, 0x00000000eb300000)
  object space 34816K, 50% used [0x00000000c1800000,0x00000000c2943250,0x00000000c3a00000)
 Metaspace       used 31470K, capacity 31968K, committed 32256K, reserved 1077248K
  class space    used 4315K, capacity 4509K, committed 4608K, reserved 1048576K
GC Heap History (10 events):
Event: 4.358 GC heap before
{Heap before GC invocations=9 (full 1):
 PSYoungGen      total 35328K, used 32768K [0x00000000eb300000, 0x00000000ed800000, 0x0000000100000000)
  eden space 32768K, 100% used [0x00000000eb300000,0x00000000ed300000,0x00000000ed300000)
  from space 2560K, 0% used [0x00000000ed300000,0x00000000ed300000,0x00000000ed580000)
  to   space 2560K, 0% used [0x00000000ed580000,0x00000000ed580000,0x00000000ed800000)
 ParOldGen       total 34816K, used 10053K [0x00000000c1800000, 0x00000000c3a00000, 0x00000000eb300000)
  object space 34816K, 28% used [0x00000000c1800000,0x00000000c21d1420,0x00000000c3a00000)
 Metaspace       used 23369K, capacity 23626K, committed 23936K, reserved 1069056K
  class space    used 3280K, capacity 3387K, committed 3456K, reserved 1048576K
Event: 4.365 GC heap after
Heap after GC invocations=9 (full 1):
 PSYoungGen      total 35328K, used 2535K [0x00000000eb300000, 0x00000000ed800000, 0x0000000100000000)
  eden space 32768K, 0% used [0x00000000eb300000,0x00000000eb300000,0x00000000ed300000)
  from space 2560K, 99% used [0x00000000ed580000,0x00000000ed7f9d90,0x00000000ed800000)
  to   space 2560K, 0% used [0x00000000ed300000,0x00000000ed300000,0x00000000ed580000)
 ParOldGen       total 34816K, used 10917K [0x00000000c1800000, 0x00000000c3a00000, 0x00000000eb300000)
  object space 34816K, 31% used [0x00000000c1800000,0x00000000c22a9700,0x00000000c3a00000)
 Metaspace       used 23369K, capacity 23626K, committed 23936K, reserved 1069056K
  class space    used 3280K, capacity 3387K, committed 3456K, reserved 1048576K
}
Event: 4.852 GC heap before
{Heap before GC invocations=10 (full 1):
 PSYoungGen      total 35328K, used 35303K [0x00000000eb300000, 0x00000000ed800000, 0x0000000100000000)
  eden space 32768K, 100% used [0x00000000eb300000,0x00000000ed300000,0x00000000ed300000)
  from space 2560K, 99% used [0x00000000ed580000,0x00000000ed7f9d90,0x00000000ed800000)
  to   space 2560K, 0% used [0x00000000ed300000,0x00000000ed300000,0x00000000ed580000)
 ParOldGen       total 34816K, used 10917K [0x00000000c1800000, 0x00000000c3a00000, 0x00000000eb300000)
  object space 34816K, 31% used [0x00000000c1800000,0x00000000c22a9700,0x00000000c3a00000)
 Metaspace       used 26617K, capacity 27056K, committed 27520K, reserved 1073152K
  class space    used 3717K, capacity 3854K, committed 3968K, reserved 1048576K
Event: 4.857 GC heap after
Heap after GC invocations=10 (full 1):
 PSYoungGen      total 35328K, used 2552K [0x00000000eb300000, 0x00000000ed800000, 0x0000000100000000)
  eden space 32768K, 0% used [0x00000000eb300000,0x00000000eb300000,0x00000000ed300000)
  from space 2560K, 99% used [0x00000000ed300000,0x00000000ed57e1e8,0x00000000ed580000)
  to   space 2560K, 0% used [0x00000000ed580000,0x00000000ed580000,0x00000000ed800000)
 ParOldGen       total 34816K, used 12612K [0x00000000c1800000, 0x00000000c3a00000, 0x00000000eb300000)
  object space 34816K, 36% used [0x00000000c1800000,0x00000000c2451270,0x00000000c3a00000)
 Metaspace       used 26617K, capacity 27056K, committed 27520K, reserved 1073152K
  class space    used 3717K, capacity 3854K, committed 3968K, reserved 1048576K
}
Event: 6.059 GC heap before
{Heap before GC invocations=11 (full 1):
 PSYoungGen      total 35328K, used 35320K [0x00000000eb300000, 0x00000000ed800000, 0x0000000100000000)
  eden space 32768K, 100% used [0x00000000eb300000,0x00000000ed300000,0x00000000ed300000)
  from space 2560K, 99% used [0x00000000ed300000,0x00000000ed57e1e8,0x00000000ed580000)
  to   space 2560K, 0% used [0x00000000ed580000,0x00000000ed580000,0x00000000ed800000)
 ParOldGen       total 34816K, used 12612K [0x00000000c1800000, 0x00000000c3a00000, 0x00000000eb300000)
  object space 34816K, 36% used [0x00000000c1800000,0x00000000c2451270,0x00000000c3a00000)
 Metaspace       used 27288K, capacity 27748K, committed 28032K, reserved 1073152K
  class space    used 3773K, capacity 3929K, committed 3968K, reserved 1048576K
Event: 6.073 GC heap after
Heap after GC invocations=11 (full 1):
 PSYoungGen      total 30208K, used 2528K [0x00000000eb300000, 0x00000000ef180000, 0x0000000100000000)
  eden space 27648K, 0% used [0x00000000eb300000,0x00000000eb300000,0x00000000ece00000)
  from space 2560K, 98% used [0x00000000ed580000,0x00000000ed7f8010,0x00000000ed800000)
  to   space 7680K, 0% used [0x00000000ece00000,0x00000000ece00000,0x00000000ed580000)
 ParOldGen       total 34816K, used 14409K [0x00000000c1800000, 0x00000000c3a00000, 0x00000000eb300000)
  object space 34816K, 41% used [0x00000000c1800000,0x00000000c2612400,0x00000000c3a00000)
 Metaspace       used 27288K, capacity 27748K, committed 28032K, reserved 1073152K
  class space    used 3773K, capacity 3929K, committed 3968K, reserved 1048576K
}
Event: 6.840 GC heap before
{Heap before GC invocations=12 (full 1):
 PSYoungGen      total 30208K, used 30176K [0x00000000eb300000, 0x00000000ef180000, 0x0000000100000000)
  eden space 27648K, 100% used [0x00000000eb300000,0x00000000ece00000,0x00000000ece00000)
  from space 2560K, 98% used [0x00000000ed580000,0x00000000ed7f8010,0x00000000ed800000)
  to   space 7680K, 0% used [0x00000000ece00000,0x00000000ece00000,0x00000000ed580000)
 ParOldGen       total 34816K, used 14409K [0x00000000c1800000, 0x00000000c3a00000, 0x00000000eb300000)
  object space 34816K, 41% used [0x00000000c1800000,0x00000000c2612400,0x00000000c3a00000)
 Metaspace       used 30788K, capacity 31264K, committed 31616K, reserved 1077248K
  class space    used 4251K, capacity 4445K, committed 4480K, reserved 1048576K
Event: 6.854 GC heap after
Heap after GC invocations=12 (full 1):
 PSYoungGen      total 35328K, used 3524K [0x00000000eb300000, 0x00000000ee980000, 0x0000000100000000)
  eden space 27648K, 0% used [0x00000000eb300000,0x00000000eb300000,0x00000000ece00000)
  from space 7680K, 45% used [0x00000000ece00000,0x00000000ed1713d0,0x00000000ed580000)
  to   space 7680K, 0% used [0x00000000ee200000,0x00000000ee200000,0x00000000ee980000)
 ParOldGen       total 34816K, used 16928K [0x00000000c1800000, 0x00000000c3a00000, 0x00000000eb300000)
  object space 34816K, 48% used [0x00000000c1800000,0x00000000c2888240,0x00000000c3a00000)
 Metaspace       used 30788K, capacity 31264K, committed 31616K, reserved 1077248K
  class space    used 4251K, capacity 4445K, committed 4480K, reserved 1048576K
}
Event: 7.178 GC heap before
{Heap before GC invocations=13 (full 1):
 PSYoungGen      total 35328K, used 31172K [0x00000000eb300000, 0x00000000ee980000, 0x0000000100000000)
  eden space 27648K, 100% used [0x00000000eb300000,0x00000000ece00000,0x00000000ece00000)
  from space 7680K, 45% used [0x00000000ece00000,0x00000000ed1713d0,0x00000000ed580000)
  to   space 7680K, 0% used [0x00000000ee200000,0x00000000ee200000,0x00000000ee980000)
 ParOldGen       total 34816K, used 16928K [0x00000000c1800000, 0x00000000c3a00000, 0x00000000eb300000)
  object space 34816K, 48% used [0x00000000c1800000,0x00000000c2888240,0x00000000c3a00000)
 Metaspace       used 31456K, capacity 31968K, committed 32256K, reserved 1077248K
  class space    used 4315K, capacity 4509K, committed 4608K, reserved 1048576K
Event: 7.187 GC heap after
Heap after GC invocations=13 (full 1):
 PSYoungGen      total 48128K, used 1582K [0x00000000eb300000, 0x00000000ee980000, 0x0000000100000000)
  eden space 40448K, 0% used [0x00000000eb300000,0x00000000eb300000,0x00000000eda80000)
  from space 7680K, 20% used [0x00000000ee200000,0x00000000ee38b860,0x00000000ee980000)
  to   space 7680K, 0% used [0x00000000eda80000,0x00000000eda80000,0x00000000ee200000)
 ParOldGen       total 34816K, used 17676K [0x00000000c1800000, 0x00000000c3a00000, 0x00000000eb300000)
  object space 34816K, 50% used [0x00000000c1800000,0x00000000c2943250,0x00000000c3a00000)
 Metaspace       used 31456K, capacity 31968K, committed 32256K, reserved 1077248K
  class space    used 4315K, capacity 4509K, committed 4608K, reserved 1048576K
}

