# JRE version: Java(TM) SE Runtime Environment (8.0_121-b13) (build 1.8.0_121-b13)
# Java VM: Java HotSpot(TM) 64-Bit Server VM (25.121-b13 mixed mode windows-amd64 compressed oops)
Heap:
 PSYoungGen      total 125440K, used 58247K [0x00000000eb300000, 0x00000000f5f80000, 0x0000000100000000)
  eden space 114176K, 41% used [0x00000000eb300000,0x00000000ee0e8508,0x00000000f2280000)
  from space 11264K, 99% used [0x00000000f2280000,0x00000000f2d79a88,0x00000000f2d80000)
  to   space 15360K, 0% used [0x00000000f5080000,0x00000000f5080000,0x00000000f5f80000)
 ParOldGen       total 38400K, used 31048K [0x00000000c1800000, 0x00000000c3d80000, 0x00000000eb300000)
  object space 38400K, 80% used [0x00000000c1800000,0x00000000c36522b0,0x00000000c3d80000)
 Metaspace       used 53740K, capacity 54960K, committed 55168K, reserved 1097728K
  class space    used 7168K, capacity 7519K, committed 7552K, reserved 1048576K
GC Heap History (10 events):
Event: 71.936 GC heap before
{Heap before GC invocations=17 (full 2):
 PSYoungGen      total 66560K, used 736K [0x00000000eb300000, 0x00000000f1a00000, 0x0000000100000000)
  eden space 59392K, 0% used [0x00000000eb300000,0x00000000eb300000,0x00000000eed00000)
  from space 7168K, 10% used [0x00000000eed00000,0x00000000eedb8000,0x00000000ef400000)
  to   space 7168K, 0% used [0x00000000f1300000,0x00000000f1300000,0x00000000f1a00000)
 ParOldGen       total 31744K, used 16844K [0x00000000c1800000, 0x00000000c3700000, 0x00000000eb300000)
  object space 31744K, 53% used [0x00000000c1800000,0x00000000c2873080,0x00000000c3700000)
 Metaspace       used 34580K, capacity 35144K, committed 35416K, reserved 1079296K
  class space    used 4632K, capacity 4839K, committed 4864K, reserved 1048576K
Event: 72.059 GC heap after
Heap after GC invocations=17 (full 2):
 PSYoungGen      total 66560K, used 0K [0x00000000eb300000, 0x00000000f1a00000, 0x0000000100000000)
  eden space 59392K, 0% used [0x00000000eb300000,0x00000000eb300000,0x00000000eed00000)
  from space 7168K, 0% used [0x00000000eed00000,0x00000000eed00000,0x00000000ef400000)
  to   space 7168K, 0% used [0x00000000f1300000,0x00000000f1300000,0x00000000f1a00000)
 ParOldGen       total 38400K, used 14121K [0x00000000c1800000, 0x00000000c3d80000, 0x00000000eb300000)
  object space 38400K, 36% used [0x00000000c1800000,0x00000000c25ca740,0x00000000c3d80000)
 Metaspace       used 34532K, capacity 35024K, committed 35416K, reserved 1079296K
  class space    used 4619K, capacity 4799K, committed 4864K, reserved 1048576K
}
Event: 74.584 GC heap before
{Heap before GC invocations=18 (full 2):
 PSYoungGen      total 66560K, used 59392K [0x00000000eb300000, 0x00000000f1a00000, 0x0000000100000000)
  eden space 59392K, 100% used [0x00000000eb300000,0x00000000eed00000,0x00000000eed00000)
  from space 7168K, 0% used [0x00000000eed00000,0x00000000eed00000,0x00000000ef400000)
  to   space 7168K, 0% used [0x00000000f1300000,0x00000000f1300000,0x00000000f1a00000)
 ParOldGen       total 38400K, used 14121K [0x00000000c1800000, 0x00000000c3d80000, 0x00000000eb300000)
  object space 38400K, 36% used [0x00000000c1800000,0x00000000c25ca740,0x00000000c3d80000)
 Metaspace       used 37588K, capacity 38218K, committed 38784K, reserved 1083392K
  class space    used 5028K, capacity 5218K, committed 5248K, reserved 1048576K
Event: 74.600 GC heap after
Heap after GC invocations=18 (full 2):
 PSYoungGen      total 95744K, used 7157K [0x00000000eb300000, 0x00000000f1a00000, 0x0000000100000000)
  eden space 88576K, 0% used [0x00000000eb300000,0x00000000eb300000,0x00000000f0980000)
  from space 7168K, 99% used [0x00000000f1300000,0x00000000f19fd678,0x00000000f1a00000)
  to   space 8192K, 0% used [0x00000000f0a00000,0x00000000f0a00000,0x00000000f1200000)
 ParOldGen       total 38400K, used 14774K [0x00000000c1800000, 0x00000000c3d80000, 0x00000000eb300000)
  object space 38400K, 38% used [0x00000000c1800000,0x00000000c266db80,0x00000000c3d80000)
 Metaspace       used 37588K, capacity 38218K, committed 38784K, reserved 1083392K
  class space    used 5028K, capacity 5218K, committed 5248K, reserved 1048576K
}
Event: 81.486 GC heap before
{Heap before GC invocations=19 (full 2):
 PSYoungGen      total 95744K, used 95733K [0x00000000eb300000, 0x00000000f1a00000, 0x0000000100000000)
  eden space 88576K, 100% used [0x00000000eb300000,0x00000000f0980000,0x00000000f0980000)
  from space 7168K, 99% used [0x00000000f1300000,0x00000000f19fd678,0x00000000f1a00000)
  to   space 8192K, 0% used [0x00000000f0a00000,0x00000000f0a00000,0x00000000f1200000)
 ParOldGen       total 38400K, used 14774K [0x00000000c1800000, 0x00000000c3d80000, 0x00000000eb300000)
  object space 38400K, 38% used [0x00000000c1800000,0x00000000c266db80,0x00000000c3d80000)
 Metaspace       used 43977K, capacity 44758K, committed 45056K, reserved 1087488K
  class space    used 5858K, capacity 6128K, committed 6144K, reserved 1048576K
Event: 81.501 GC heap after
Heap after GC invocations=19 (full 2):
 PSYoungGen      total 97280K, used 6040K [0x00000000eb300000, 0x00000000f3600000, 0x0000000100000000)
  eden space 89088K, 0% used [0x00000000eb300000,0x00000000eb300000,0x00000000f0a00000)
  from space 8192K, 73% used [0x00000000f0a00000,0x00000000f0fe6140,0x00000000f1200000)
  to   space 8704K, 0% used [0x00000000f2d80000,0x00000000f2d80000,0x00000000f3600000)
 ParOldGen       total 38400K, used 20772K [0x00000000c1800000, 0x00000000c3d80000, 0x00000000eb300000)
  object space 38400K, 54% used [0x00000000c1800000,0x00000000c2c490e8,0x00000000c3d80000)
 Metaspace       used 43977K, capacity 44758K, committed 45056K, reserved 1087488K
  class space    used 5858K, capacity 6128K, committed 6144K, reserved 1048576K
}
Event: 88.199 GC heap before
{Heap before GC invocations=20 (full 2):
 PSYoungGen      total 97280K, used 95128K [0x00000000eb300000, 0x00000000f3600000, 0x0000000100000000)
  eden space 89088K, 100% used [0x00000000eb300000,0x00000000f0a00000,0x00000000f0a00000)
  from space 8192K, 73% used [0x00000000f0a00000,0x00000000f0fe6140,0x00000000f1200000)
  to   space 8704K, 0% used [0x00000000f2d80000,0x00000000f2d80000,0x00000000f3600000)
 ParOldGen       total 38400K, used 20772K [0x00000000c1800000, 0x00000000c3d80000, 0x00000000eb300000)
  object space 38400K, 54% used [0x00000000c1800000,0x00000000c2c490e8,0x00000000c3d80000)
 Metaspace       used 48556K, capacity 49682K, committed 49920K, reserved 1091584K
  class space    used 6572K, capacity 6858K, committed 6912K, reserved 1048576K
Event: 88.216 GC heap after
Heap after GC invocations=20 (full 2):
 PSYoungGen      total 122880K, used 8688K [0x00000000eb300000, 0x00000000f3a00000, 0x0000000100000000)
  eden space 114176K, 0% used [0x00000000eb300000,0x00000000eb300000,0x00000000f2280000)
  from space 8704K, 99% used [0x00000000f2d80000,0x00000000f35fc3b0,0x00000000f3600000)
  to   space 11264K, 0% used [0x00000000f2280000,0x00000000f2280000,0x00000000f2d80000)
 ParOldGen       total 38400K, used 23653K [0x00000000c1800000, 0x00000000c3d80000, 0x00000000eb300000)
  object space 38400K, 61% used [0x00000000c1800000,0x00000000c2f19688,0x00000000c3d80000)
 Metaspace       used 48556K, capacity 49682K, committed 49920K, reserved 1091584K
  class space    used 6572K, capacity 6858K, committed 6912K, reserved 1048576K
}
Event: 97.944 GC heap before
{Heap before GC invocations=21 (full 2):
 PSYoungGen      total 122880K, used 122864K [0x00000000eb300000, 0x00000000f3a00000, 0x0000000100000000)
  eden space 114176K, 100% used [0x00000000eb300000,0x00000000f2280000,0x00000000f2280000)
  from space 8704K, 99% used [0x00000000f2d80000,0x00000000f35fc3b0,0x00000000f3600000)
  to   space 11264K, 0% used [0x00000000f2280000,0x00000000f2280000,0x00000000f2d80000)
 ParOldGen       total 38400K, used 23653K [0x00000000c1800000, 0x00000000c3d80000, 0x00000000eb300000)
  object space 38400K, 61% used [0x00000000c1800000,0x00000000c2f19688,0x00000000c3d80000)
 Metaspace       used 53337K, capacity 54588K, committed 54656K, reserved 1095680K
  class space    used 7143K, capacity 7485K, committed 7552K, reserved 1048576K
Event: 97.972 GC heap after
Heap after GC invocations=21 (full 2):
 PSYoungGen      total 125440K, used 11238K [0x00000000eb300000, 0x00000000f5f80000, 0x0000000100000000)
  eden space 114176K, 0% used [0x00000000eb300000,0x00000000eb300000,0x00000000f2280000)
  from space 11264K, 99% used [0x00000000f2280000,0x00000000f2d79a88,0x00000000f2d80000)
  to   space 15360K, 0% used [0x00000000f5080000,0x00000000f5080000,0x00000000f5f80000)
 ParOldGen       total 38400K, used 31048K [0x00000000c1800000, 0x00000000c3d80000, 0x00000000eb300000)
  object space 38400K, 80% used [0x00000000c1800000,0x00000000c36522b0,0x00000000c3d80000)
 Metaspace       used 53337K, capacity 54588K, committed 54656K, reserved 1095680K
  class space    used 7143K, capacity 7485K, committed 7552K, reserved 1048576K
}

