# JRE version: Java(TM) SE Runtime Environment (8.0_121-b13) (build 1.8.0_121-b13)
# Java VM: Java HotSpot(TM) 64-Bit Server VM (25.121-b13 mixed mode windows-amd64 compressed oops)
Heap:
 PSYoungGen      total 72704K, used 3640K [0x00000000eb300000, 0x00000000f1900000, 0x0000000100000000)
  eden space 60928K, 5% used [0x00000000eb300000,0x00000000eb68e2b0,0x00000000eee80000)
  from space 11776K, 0% used [0x00000000f0d80000,0x00000000f0d80000,0x00000000f1900000)
  to   space 9216K, 0% used [0x00000000eee80000,0x00000000eee80000,0x00000000ef780000)
 ParOldGen       total 39936K, used 20208K [0x00000000c1800000, 0x00000000c3f00000, 0x00000000eb300000)
  object space 39936K, 50% used [0x00000000c1800000,0x00000000c2bbc350,0x00000000c3f00000)
 Metaspace       used 34634K, capacity 35226K, committed 35712K, reserved 1079296K
  class space    used 4730K, capacity 4928K, committed 4992K, reserved 1048576K
GC Heap History (10 events):
Event: 14.229 GC heap before
{Heap before GC invocations=10 (full 1):
 PSYoungGen      total 52736K, used 52707K [0x00000000eb300000, 0x00000000efe80000, 0x0000000100000000)
  eden space 49152K, 100% used [0x00000000eb300000,0x00000000ee300000,0x00000000ee300000)
  from space 3584K, 99% used [0x00000000efb00000,0x00000000efe78df8,0x00000000efe80000)
  to   space 7680K, 0% used [0x00000000eef80000,0x00000000eef80000,0x00000000ef700000)
 ParOldGen       total 39936K, used 11744K [0x00000000c1800000, 0x00000000c3f00000, 0x00000000eb300000)
  object space 39936K, 29% used [0x00000000c1800000,0x00000000c2378178,0x00000000c3f00000)
 Metaspace       used 26987K, capacity 27432K, committed 27776K, reserved 1073152K
  class space    used 3736K, capacity 3890K, committed 3968K, reserved 1048576K
Event: 14.239 GC heap after
Heap after GC invocations=10 (full 1):
 PSYoungGen      total 69632K, used 5128K [0x00000000eb300000, 0x00000000eff00000, 0x0000000100000000)
  eden space 61952K, 0% used [0x00000000eb300000,0x00000000eb300000,0x00000000eef80000)
  from space 7680K, 66% used [0x00000000eef80000,0x00000000ef4820b0,0x00000000ef700000)
  to   space 7680K, 0% used [0x00000000ef780000,0x00000000ef780000,0x00000000eff00000)
 ParOldGen       total 39936K, used 11816K [0x00000000c1800000, 0x00000000c3f00000, 0x00000000eb300000)
  object space 39936K, 29% used [0x00000000c1800000,0x00000000c238a188,0x00000000c3f00000)
 Metaspace       used 26987K, capacity 27432K, committed 27776K, reserved 1073152K
  class space    used 3736K, capacity 3890K, committed 3968K, reserved 1048576K
}
Event: 17.789 GC heap before
{Heap before GC invocations=11 (full 1):
 PSYoungGen      total 69632K, used 67080K [0x00000000eb300000, 0x00000000eff00000, 0x0000000100000000)
  eden space 61952K, 100% used [0x00000000eb300000,0x00000000eef80000,0x00000000eef80000)
  from space 7680K, 66% used [0x00000000eef80000,0x00000000ef4820b0,0x00000000ef700000)
  to   space 7680K, 0% used [0x00000000ef780000,0x00000000ef780000,0x00000000eff00000)
 ParOldGen       total 39936K, used 11816K [0x00000000c1800000, 0x00000000c3f00000, 0x00000000eb300000)
  object space 39936K, 29% used [0x00000000c1800000,0x00000000c238a188,0x00000000c3f00000)
 Metaspace       used 31446K, capacity 31968K, committed 32512K, reserved 1077248K
  class space    used 4307K, capacity 4509K, committed 4608K, reserved 1048576K
Event: 17.814 GC heap after
Heap after GC invocations=11 (full 1):
 PSYoungGen      total 68608K, used 7665K [0x00000000eb300000, 0x00000000f1180000, 0x0000000100000000)
  eden space 60928K, 0% used [0x00000000eb300000,0x00000000eb300000,0x00000000eee80000)
  from space 7680K, 99% used [0x00000000ef780000,0x00000000efefc568,0x00000000eff00000)
  to   space 9216K, 0% used [0x00000000eee80000,0x00000000eee80000,0x00000000ef780000)
 ParOldGen       total 39936K, used 12972K [0x00000000c1800000, 0x00000000c3f00000, 0x00000000eb300000)
  object space 39936K, 32% used [0x00000000c1800000,0x00000000c24ab318,0x00000000c3f00000)
 Metaspace       used 31446K, capacity 31968K, committed 32512K, reserved 1077248K
  class space    used 4307K, capacity 4509K, committed 4608K, reserved 1048576K
}
Event: 20.153 GC heap before
{Heap before GC invocations=12 (full 1):
 PSYoungGen      total 68608K, used 68593K [0x00000000eb300000, 0x00000000f1180000, 0x0000000100000000)
  eden space 60928K, 100% used [0x00000000eb300000,0x00000000eee80000,0x00000000eee80000)
  from space 7680K, 99% used [0x00000000ef780000,0x00000000efefc568,0x00000000eff00000)
  to   space 9216K, 0% used [0x00000000eee80000,0x00000000eee80000,0x00000000ef780000)
 ParOldGen       total 39936K, used 12972K [0x00000000c1800000, 0x00000000c3f00000, 0x00000000eb300000)
  object space 39936K, 32% used [0x00000000c1800000,0x00000000c24ab318,0x00000000c3f00000)
 Metaspace       used 34564K, capacity 35156K, committed 35456K, reserved 1079296K
  class space    used 4718K, capacity 4926K, committed 4992K, reserved 1048576K
Event: 20.215 GC heap after
Heap after GC invocations=12 (full 1):
 PSYoungGen      total 70144K, used 9186K [0x00000000eb300000, 0x00000000f1900000, 0x0000000100000000)
  eden space 60928K, 0% used [0x00000000eb300000,0x00000000eb300000,0x00000000eee80000)
  from space 9216K, 99% used [0x00000000eee80000,0x00000000ef778a88,0x00000000ef780000)
  to   space 11776K, 0% used [0x00000000f0d80000,0x00000000f0d80000,0x00000000f1900000)
 ParOldGen       total 39936K, used 16686K [0x00000000c1800000, 0x00000000c3f00000, 0x00000000eb300000)
  object space 39936K, 41% used [0x00000000c1800000,0x00000000c284b958,0x00000000c3f00000)
 Metaspace       used 34564K, capacity 35156K, committed 35456K, reserved 1079296K
  class space    used 4718K, capacity 4926K, committed 4992K, reserved 1048576K
}
Event: 20.223 GC heap before
{Heap before GC invocations=13 (full 1):
 PSYoungGen      total 70144K, used 10397K [0x00000000eb300000, 0x00000000f1900000, 0x0000000100000000)
  eden space 60928K, 1% used [0x00000000eb300000,0x00000000eb42eb40,0x00000000eee80000)
  from space 9216K, 99% used [0x00000000eee80000,0x00000000ef778a88,0x00000000ef780000)
  to   space 11776K, 0% used [0x00000000f0d80000,0x00000000f0d80000,0x00000000f1900000)
 ParOldGen       total 39936K, used 16686K [0x00000000c1800000, 0x00000000c3f00000, 0x00000000eb300000)
  object space 39936K, 41% used [0x00000000c1800000,0x00000000c284b958,0x00000000c3f00000)
 Metaspace       used 34588K, capacity 35162K, committed 35456K, reserved 1079296K
  class space    used 4722K, capacity 4928K, committed 4992K, reserved 1048576K
Event: 20.332 GC heap after
Heap after GC invocations=13 (full 1):
 PSYoungGen      total 72704K, used 7474K [0x00000000eb300000, 0x00000000f1900000, 0x0000000100000000)
  eden space 60928K, 0% used [0x00000000eb300000,0x00000000eb300000,0x00000000eee80000)
  from space 11776K, 63% used [0x00000000f0d80000,0x00000000f14cca98,0x00000000f1900000)
  to   space 9216K, 0% used [0x00000000eee80000,0x00000000eee80000,0x00000000ef780000)
 ParOldGen       total 39936K, used 18534K [0x00000000c1800000, 0x00000000c3f00000, 0x00000000eb300000)
  object space 39936K, 46% used [0x00000000c1800000,0x00000000c2a19978,0x00000000c3f00000)
 Metaspace       used 34588K, capacity 35162K, committed 35456K, reserved 1079296K
  class space    used 4722K, capacity 4928K, committed 4992K, reserved 1048576K
}
Event: 20.332 GC heap before
{Heap before GC invocations=14 (full 2):
 PSYoungGen      total 72704K, used 7474K [0x00000000eb300000, 0x00000000f1900000, 0x0000000100000000)
  eden space 60928K, 0% used [0x00000000eb300000,0x00000000eb300000,0x00000000eee80000)
  from space 11776K, 63% used [0x00000000f0d80000,0x00000000f14cca98,0x00000000f1900000)
  to   space 9216K, 0% used [0x00000000eee80000,0x00000000eee80000,0x00000000ef780000)
 ParOldGen       total 39936K, used 18534K [0x00000000c1800000, 0x00000000c3f00000, 0x00000000eb300000)
  object space 39936K, 46% used [0x00000000c1800000,0x00000000c2a19978,0x00000000c3f00000)
 Metaspace       used 34588K, capacity 35162K, committed 35456K, reserved 1079296K
  class space    used 4722K, capacity 4928K, committed 4992K, reserved 1048576K
Event: 20.517 GC heap after
Heap after GC invocations=14 (full 2):
 PSYoungGen      total 72704K, used 0K [0x00000000eb300000, 0x00000000f1900000, 0x0000000100000000)
  eden space 60928K, 0% used [0x00000000eb300000,0x00000000eb300000,0x00000000eee80000)
  from space 11776K, 0% used [0x00000000f0d80000,0x00000000f0d80000,0x00000000f1900000)
  to   space 9216K, 0% used [0x00000000eee80000,0x00000000eee80000,0x00000000ef780000)
 ParOldGen       total 39936K, used 20208K [0x00000000c1800000, 0x00000000c3f00000, 0x00000000eb300000)
  object space 39936K, 50% used [0x00000000c1800000,0x00000000c2bbc350,0x00000000c3f00000)
 Metaspace       used 34588K, capacity 35162K, committed 35456K, reserved 1079296K
  class space    used 4722K, capacity 4928K, committed 4992K, reserved 1048576K
}

