# JRE version: Java(TM) SE Runtime Environment (8.0_121-b13) (build 1.8.0_121-b13)
# Java VM: Java HotSpot(TM) 64-Bit Server VM (25.121-b13 mixed mode windows-amd64 compressed oops)
Heap:
 PSYoungGen      total 71680K, used 21904K [0x00000000eb300000, 0x00000000f2480000, 0x0000000100000000)
  eden space 65024K, 33% used [0x00000000eb300000,0x00000000ec8641c8,0x00000000ef280000)
  from space 6656K, 0% used [0x00000000ef280000,0x00000000ef280000,0x00000000ef900000)
  to   space 8192K, 0% used [0x00000000f1c80000,0x00000000f1c80000,0x00000000f2480000)
 ParOldGen       total 45568K, used 20177K [0x00000000c1800000, 0x00000000c4480000, 0x00000000eb300000)
  object space 45568K, 44% used [0x00000000c1800000,0x00000000c2bb4428,0x00000000c4480000)
 Metaspace       used 35806K, capacity 36430K, committed 36992K, reserved 1081344K
  class space    used 4930K, capacity 5158K, committed 5248K, reserved 1048576K
GC Heap History (10 events):
Event: 21.502 GC heap before
{Heap before GC invocations=13 (full 1):
 PSYoungGen      total 33792K, used 29267K [0x00000000eb300000, 0x00000000eea80000, 0x0000000100000000)
  eden space 26624K, 100% used [0x00000000eb300000,0x00000000ecd00000,0x00000000ecd00000)
  from space 7168K, 36% used [0x00000000ecd00000,0x00000000ecf94c08,0x00000000ed400000)
  to   space 7168K, 0% used [0x00000000ee380000,0x00000000ee380000,0x00000000eea80000)
 ParOldGen       total 29696K, used 9843K [0x00000000c1800000, 0x00000000c3500000, 0x00000000eb300000)
  object space 29696K, 33% used [0x00000000c1800000,0x00000000c219cee0,0x00000000c3500000)
 Metaspace       used 26756K, capacity 27176K, committed 27520K, reserved 1073152K
  class space    used 3723K, capacity 3890K, committed 3968K, reserved 1048576K
Event: 21.506 GC heap after
Heap after GC invocations=13 (full 1):
 PSYoungGen      total 48640K, used 2362K [0x00000000eb300000, 0x00000000eea00000, 0x0000000100000000)
  eden space 41984K, 0% used [0x00000000eb300000,0x00000000eb300000,0x00000000edc00000)
  from space 6656K, 35% used [0x00000000ee380000,0x00000000ee5ce950,0x00000000eea00000)
  to   space 7168K, 0% used [0x00000000edc00000,0x00000000edc00000,0x00000000ee300000)
 ParOldGen       total 29696K, used 10419K [0x00000000c1800000, 0x00000000c3500000, 0x00000000eb300000)
  object space 29696K, 35% used [0x00000000c1800000,0x00000000c222cef0,0x00000000c3500000)
 Metaspace       used 26756K, capacity 27176K, committed 27520K, reserved 1073152K
  class space    used 3723K, capacity 3890K, committed 3968K, reserved 1048576K
}
Event: 26.089 GC heap before
{Heap before GC invocations=14 (full 1):
 PSYoungGen      total 48640K, used 44346K [0x00000000eb300000, 0x00000000eea00000, 0x0000000100000000)
  eden space 41984K, 100% used [0x00000000eb300000,0x00000000edc00000,0x00000000edc00000)
  from space 6656K, 35% used [0x00000000ee380000,0x00000000ee5ce950,0x00000000eea00000)
  to   space 7168K, 0% used [0x00000000edc00000,0x00000000edc00000,0x00000000ee300000)
 ParOldGen       total 29696K, used 10419K [0x00000000c1800000, 0x00000000c3500000, 0x00000000eb300000)
  object space 29696K, 35% used [0x00000000c1800000,0x00000000c222cef0,0x00000000c3500000)
 Metaspace       used 29081K, capacity 29642K, committed 30080K, reserved 1075200K
  class space    used 4008K, capacity 4202K, committed 4224K, reserved 1048576K
Event: 26.100 GC heap after
Heap after GC invocations=14 (full 1):
 PSYoungGen      total 49152K, used 4412K [0x00000000eb300000, 0x00000000f0100000, 0x0000000100000000)
  eden space 41984K, 0% used [0x00000000eb300000,0x00000000eb300000,0x00000000edc00000)
  from space 7168K, 61% used [0x00000000edc00000,0x00000000ee04f1f8,0x00000000ee300000)
  to   space 7168K, 0% used [0x00000000efa00000,0x00000000efa00000,0x00000000f0100000)
 ParOldGen       total 29696K, used 11363K [0x00000000c1800000, 0x00000000c3500000, 0x00000000eb300000)
  object space 29696K, 38% used [0x00000000c1800000,0x00000000c2318ef0,0x00000000c3500000)
 Metaspace       used 29081K, capacity 29642K, committed 30080K, reserved 1075200K
  class space    used 4008K, capacity 4202K, committed 4224K, reserved 1048576K
}
Event: 26.981 GC heap before
{Heap before GC invocations=15 (full 1):
 PSYoungGen      total 49152K, used 46396K [0x00000000eb300000, 0x00000000f0100000, 0x0000000100000000)
  eden space 41984K, 100% used [0x00000000eb300000,0x00000000edc00000,0x00000000edc00000)
  from space 7168K, 61% used [0x00000000edc00000,0x00000000ee04f1f8,0x00000000ee300000)
  to   space 7168K, 0% used [0x00000000efa00000,0x00000000efa00000,0x00000000f0100000)
 ParOldGen       total 29696K, used 11363K [0x00000000c1800000, 0x00000000c3500000, 0x00000000eb300000)
  object space 29696K, 38% used [0x00000000c1800000,0x00000000c2318ef0,0x00000000c3500000)
 Metaspace       used 31472K, capacity 31968K, committed 32256K, reserved 1077248K
  class space    used 4316K, capacity 4509K, committed 4608K, reserved 1048576K
Event: 26.989 GC heap after
Heap after GC invocations=15 (full 1):
 PSYoungGen      total 70656K, used 3367K [0x00000000eb300000, 0x00000000eff80000, 0x0000000100000000)
  eden space 65024K, 0% used [0x00000000eb300000,0x00000000eb300000,0x00000000ef280000)
  from space 5632K, 59% used [0x00000000efa00000,0x00000000efd49cf8,0x00000000eff80000)
  to   space 6656K, 0% used [0x00000000ef280000,0x00000000ef280000,0x00000000ef900000)
 ParOldGen       total 29696K, used 13771K [0x00000000c1800000, 0x00000000c3500000, 0x00000000eb300000)
  object space 29696K, 46% used [0x00000000c1800000,0x00000000c2572d20,0x00000000c3500000)
 Metaspace       used 31472K, capacity 31968K, committed 32256K, reserved 1077248K
  class space    used 4316K, capacity 4509K, committed 4608K, reserved 1048576K
}
Event: 28.240 GC heap before
{Heap before GC invocations=16 (full 1):
 PSYoungGen      total 70656K, used 55100K [0x00000000eb300000, 0x00000000eff80000, 0x0000000100000000)
  eden space 65024K, 79% used [0x00000000eb300000,0x00000000ee5855b8,0x00000000ef280000)
  from space 5632K, 59% used [0x00000000efa00000,0x00000000efd49cf8,0x00000000eff80000)
  to   space 6656K, 0% used [0x00000000ef280000,0x00000000ef280000,0x00000000ef900000)
 ParOldGen       total 29696K, used 13771K [0x00000000c1800000, 0x00000000c3500000, 0x00000000eb300000)
  object space 29696K, 46% used [0x00000000c1800000,0x00000000c2572d20,0x00000000c3500000)
 Metaspace       used 34559K, capacity 35162K, committed 35456K, reserved 1079296K
  class space    used 4722K, capacity 4928K, committed 4992K, reserved 1048576K
Event: 28.255 GC heap after
Heap after GC invocations=16 (full 1):
 PSYoungGen      total 71680K, used 6649K [0x00000000eb300000, 0x00000000f2480000, 0x0000000100000000)
  eden space 65024K, 0% used [0x00000000eb300000,0x00000000eb300000,0x00000000ef280000)
  from space 6656K, 99% used [0x00000000ef280000,0x00000000ef8fe550,0x00000000ef900000)
  to   space 8192K, 0% used [0x00000000f1c80000,0x00000000f1c80000,0x00000000f2480000)
 ParOldGen       total 29696K, used 16007K [0x00000000c1800000, 0x00000000c3500000, 0x00000000eb300000)
  object space 29696K, 53% used [0x00000000c1800000,0x00000000c27a1d80,0x00000000c3500000)
 Metaspace       used 34559K, capacity 35162K, committed 35456K, reserved 1079296K
  class space    used 4722K, capacity 4928K, committed 4992K, reserved 1048576K
}
Event: 28.255 GC heap before
{Heap before GC invocations=17 (full 2):
 PSYoungGen      total 71680K, used 6649K [0x00000000eb300000, 0x00000000f2480000, 0x0000000100000000)
  eden space 65024K, 0% used [0x00000000eb300000,0x00000000eb300000,0x00000000ef280000)
  from space 6656K, 99% used [0x00000000ef280000,0x00000000ef8fe550,0x00000000ef900000)
  to   space 8192K, 0% used [0x00000000f1c80000,0x00000000f1c80000,0x00000000f2480000)
 ParOldGen       total 29696K, used 16007K [0x00000000c1800000, 0x00000000c3500000, 0x00000000eb300000)
  object space 29696K, 53% used [0x00000000c1800000,0x00000000c27a1d80,0x00000000c3500000)
 Metaspace       used 34559K, capacity 35162K, committed 35456K, reserved 1079296K
  class space    used 4722K, capacity 4928K, committed 4992K, reserved 1048576K
Event: 28.400 GC heap after
Heap after GC invocations=17 (full 2):
 PSYoungGen      total 71680K, used 0K [0x00000000eb300000, 0x00000000f2480000, 0x0000000100000000)
  eden space 65024K, 0% used [0x00000000eb300000,0x00000000eb300000,0x00000000ef280000)
  from space 6656K, 0% used [0x00000000ef280000,0x00000000ef280000,0x00000000ef900000)
  to   space 8192K, 0% used [0x00000000f1c80000,0x00000000f1c80000,0x00000000f2480000)
 ParOldGen       total 45568K, used 20177K [0x00000000c1800000, 0x00000000c4480000, 0x00000000eb300000)
  object space 45568K, 44% used [0x00000000c1800000,0x00000000c2bb4428,0x00000000c4480000)
 Metaspace       used 34559K, capacity 35162K, committed 35456K, reserved 1079296K
  class space    used 4722K, capacity 4928K, committed 4992K, reserved 1048576K
}

